{"RUN_PATHS": {"7cf99a69": "c:\\Users\\shese\\Desktop\\CICD_AA\\cloned_repos\\7cf99a69_GGU AI_AI_PROJECT_SPKS_AI_Fix", "local_67ce02": "C:\\Users\\shese\\Desktop\\CICD_AA", "154d67f7": "c:\\Users\\shese\\Desktop\\CICD_AA\\cloned_repos\\154d67f7_GGU AI_AI_PROJECT_SPKS_AI_Fix"}, "RUN_META": {"7cf99a69": {"team_name": "AI PROJECT", "leader_name": "SPKS", "status": "completed", "terminal_output": "\n>>> Running tests: src/validator.py, tests/test_checker.py, src/checker.py, src/utils.py, tests/test_validator.py, tests/test_utils.py\n\n--- OUTPUT FOR src/validator.py ---\n\n  File \"src/validator.py\", line 1\n    def validate_number(x)   # \\u274c missing colon\n                             ^^^^^^^^^^^^^^^^^\nSyntaxError: expected ':'\n\n\n--- OUTPUT FOR src/checker.py ---\n\n\n\n--- OUTPUT FOR src/utils.py ---\n\n\n\n--- OUTPUT FOR tests/test_checker.py ---\nFF                                                                       [100%]\n================================== FAILURES ===================================\nE   assert False is True\n     +  where False = is_even(4)\nc:\\Users\\shese\\Desktop\\CICD_AA\\cloned_repos\\7cf99a69_GGU AI_AI_PROJECT_SPKS_AI_Fix\\tests\\test_checker.py:5: assert False is True\nE   assert True is False\n     +  where True = is_even(5)\nc:\\Users\\shese\\Desktop\\CICD_AA\\cloned_repos\\7cf99a69_GGU AI_AI_PROJECT_SPKS_AI_Fix\\tests\\test_checker.py:8: assert True is False\n=========================== short test summary info ===========================\nFAILED tests/test_checker.py::test_is_even_true - assert False is True\nFAILED tests/test_checker.py::test_is_even_false - assert True is False\n2 failed in 0.03s\n\n\n\n--- OUTPUT FOR tests/test_utils.py ---\n.                                                                        [100%]\n1 passed in 0.02s\n\n\n\n--- OUTPUT FOR tests/test_validator.py ---\n\n=================================== ERRORS ====================================\n__________________ ERROR collecting tests/test_validator.py ___________________\n..\\\\..\\\\backend\\\\.venv\\\\Lib\\\\site-packages\\\\_pytest\\\\python.py:507: in importtestmodule\\n    mod = import_path(\\n..\\\\..\\\\backend\\\\.venv\\\\Lib\\\\site-packages\\\\_pytest\\\\pathlib.py:587: in import_path\\n    importlib.import_module(module_name)\\n..\\\\..\\\\..\\\\..\\\\AppData\\\\Local\\\\Programs\\\\Python\\\\Python314\\\\Lib\\\\importlib\\\\__init__.py:88: in import_module\\n    return _bootstrap._gcd_import(name[level:], package, level)\\n           ^^^^^^^^^^^^^^^^^^^^^^^^^^^^^^^^^^^^^^^^^^^^^^^^^^^^\\n<frozen importlib._bootstrap>:1398: in _gcd_import\\n    ???\\n<frozen importlib._bootstrap>:1371: in _find_and_load\\n    ???\\n<frozen importlib._bootstrap>:1342: in _find_and_load_unlocked\\n    ???\\n<frozen importlib._bootstrap>:938: in _load_unlocked\\n    ???\\n..\\\\..\\\\backend\\\\.venv\\\\Lib\\\\site-packages\\\\_pytest\\\\assertion\\\\rewrite.py:197: in exec_module\\n    exec(co, module.__dict__)\\ntests\\\\test_validator.py:2: in <module>\\n    from src.validator import validate_number\\nE     File \"c:\\\\Users\\\\shese\\\\Desktop\\\\CICD_AA\\\\cloned_repos\\\\7cf99a69_GGU AI_AI_PROJECT_SPKS_AI_Fix\\\\src\\\\validator.py\", line 1\\nE       def validate_number(x)   # \\u274c missing colon\\nE                                ^^^^^^^^^^^^^^^^^\\nE   SyntaxError: expected ':'\n=========================== short test summary info ===========================\nERROR tests/test_validator.py\n!!!!!!!!!!!!!!!!!!! Interrupted: 1 error during collection !!!!!!!!!!!!!!!!!!!!\n1 error in 0.43s\n\n\n\n\n[WRITE] Fixed src/validator.py\n\n[WRITE] Fixed src/validator.py\n\n[WRITE] Fixed src/checker.py\n\n[WRITE] Fixed src/utils.py\n\n[WRITE] Fixed tests/test_checker.py\n\n[WRITE] Fixed tests/test_checker.py\n\n[WRITE] Fixed tests/test_validator.py\n\n>>> Running tests: src/validator.py, tests/test_checker.py, src/checker.py, src/utils.py, tests/test_validator.py, tests/test_utils.py\n\n--- OUTPUT FOR src/utils.py ---\n\n\n\n--- OUTPUT FOR src/checker.py ---\n\n\n\n--- OUTPUT FOR src/validator.py ---\n\n\n\n--- OUTPUT FOR tests/test_checker.py ---\n..                                                                       [100%]\n2 passed in 0.02s\n\n\n\n--- OUTPUT FOR tests/test_utils.py ---\n.                                                                        [100%]\n1 passed in 0.01s\n\n\n\n--- OUTPUT FOR tests/test_validator.py ---\n..                                                                       [100%]\n2 passed in 0.02s\n\n\n\nc:\\Users\\shese\\Desktop\\CICD_AA\\cloned_repos\\7cf99a69_GGU AI_AI_PROJECT_SPKS_AI_Fix\nc:\\Users\\shese\\Desktop\\CICD_AA\\cloned_repos\\7cf99a69_GGU AI_AI_PROJECT_SPKS_AI_Fix\nc:\\Users\\shese\\Desktop\\CICD_AA\\cloned_repos\\7cf99a69_GGU AI_AI_PROJECT_SPKS_AI_Fix\nc:\\Users\\shese\\Desktop\\CICD_AA\\cloned_repos\\7cf99a69_GGU AI_AI_PROJECT_SPKS_AI_Fix\nFor more information on a specific command, type HELP command-name\nASSOC          Displays or modifies file extension associations.\nATTRIB         Displays or changes file attributes.\nBREAK          Sets or clears extended CTRL+C checking.\nBCDEDIT        Sets properties in boot database to control boot loading.\nCACLS          Displays or modifies access control lists (ACLs) of files.\nCALL           Calls one batch program from another.\nCD             Displays the name of or changes the current directory.\nCHCP           Displays or sets the active code page number.\nCHDIR          Displays the name of or changes the current directory.\nCHKDSK         Checks a disk and displays a status report.\nCHKNTFS        Displays or modifies the checking of disk at boot time.\nCLS            Clears the screen.\nCMD            Starts a new instance of the Windows command interpreter.\nCOLOR          Sets the default console foreground and background colors.\nCOMP           Compares the contents of two files or sets of files.\nCOMPACT        Displays or alters the compression of files on NTFS partitions.\nCONVERT        Converts FAT volumes to NTFS.  You cannot convert the\n               current drive.\nCOPY           Copies one or more files to another location.\nDATE           Displays or sets the date.\nDEL            Deletes one or more files.\nDIR            Displays a list of files and subdirectories in a directory.\nDISKPART       Displays or configures Disk Partition properties.\nDOSKEY         Edits command lines, recalls Windows commands, and \n               creates macros.\nDRIVERQUERY    Displays current device driver status and properties.\nECHO           Displays messages, or turns command echoing on or off.\nENDLOCAL       Ends localization of environment changes in a batch file.\nERASE          Deletes one or more files.\nEXIT           Quits the CMD.EXE program (command interpreter).\nFC             Compares two files or sets of files, and displays the \n               differences between them.\nFIND           Searches for a text string in a file or files.\nFINDSTR        Searches for strings in files.\nFOR            Runs a specified command for each file in a set of files.\nFORMAT         Formats a disk for use with Windows.\nFSUTIL         Displays or configures the file system properties.\nFTYPE          Displays or modifies file types used in file extension \n               associations.\nGOTO           Directs the Windows command interpreter to a labeled line in \n               a batch program.\nGPRESULT       Displays Group Policy information for machine or user.\nHELP           Provides Help information for Windows commands.\nICACLS         Display, modify, backup, or restore ACLs for files and \n               directories.\nIF             Performs conditional processing in batch programs.\nLABEL          Creates, changes, or deletes the volume label of a disk.\nMD             Creates a directory.\nMKDIR          Creates a directory.\nMKLINK         Creates Symbolic Links and Hard Links\nMODE           Configures a system device.\nMORE           Displays output one screen at a time.\nMOVE           Moves one or more files from one directory to another \n               directory.\nOPENFILES      Displays files opened by remote users for a file share.\nPATH           Displays or sets a search path for executable files.\nPAUSE          Suspends processing of a batch file and displays a message.\nPOPD           Restores the previous value of the current directory saved by \n               PUSHD.\nPRINT          Prints a text file.\nPROMPT         Changes the Windows command prompt.\nPUSHD          Saves the current directory then changes it.\nRD             Removes a directory.\nRECOVER        Recovers readable information from a bad or defective disk.\nREM            Records comments (remarks) in batch files or CONFIG.SYS.\nREN            Renames a file or files.\nRENAME         Renames a file or files.\nREPLACE        Replaces files.\nRMDIR          Removes a directory.\nROBOCOPY       Advanced utility to copy files and directory trees\nSET            Displays, sets, or removes Windows environment variables.\nSETLOCAL       Begins localization of environment changes in a batch file.\nSC             Displays or configures services (background processes).\nSCHTASKS       Schedules commands and programs to run on a computer.\nSHIFT          Shifts the position of replaceable parameters in batch files.\nSHUTDOWN       Allows proper local or remote shutdown of machine.\nSORT           Sorts input.\nSTART          Starts a separate window to run a specified program or command.\nSUBST          Associates a path with a drive letter.\nSYSTEMINFO     Displays machine specific properties and configuration.\nTASKLIST       Displays all currently running tasks including services.\nTASKKILL       Kill or stop a running process or application.\nTIME           Displays or sets the system time.\nTITLE          Sets the window title for a CMD.EXE session.\nTREE           Graphically displays the directory structure of a drive or \n               path.\nTYPE           Displays the contents of a text file.\nVER            Displays the Windows version.\nVERIFY         Tells Windows whether to verify that your files are written\n               correctly to a disk.\nVOL            Displays a disk volume label and serial number.\nXCOPY          Copies files and directory trees.\nWMIC           Displays WMI information inside interactive command shell.\n\nFor more information on tools see the command-line reference in the online help.\nc:\\Users\\shese\\Desktop\\CICD_AA\\cloned_repos\\7cf99a69_GGU AI_AI_PROJECT_SPKS_AI_Fix\nc:\\Users\\shese\\Desktop\\CICD_AA\\cloned_repos\\7cf99a69_GGU AI_AI_PROJECT_SPKS_AI_Fix\nConnected devices:\nWindows (desktop) \u2022 windows \u2022 windows-x64    \u2022 Microsoft Windows [Version 10.0.26200.7840]\nChrome (web)      \u2022 chrome  \u2022 web-javascript \u2022 Google Chrome 145.0.7632.109\nEdge (web)        \u2022 edge    \u2022 web-javascript \u2022 Microsoft Edge 145.0.3800.65\n[1]: Windows (windows)\n[2]: Chrome (chrome)\n[3]: Edge (edge)\nc:\\Users\\shese\\Desktop\\CICD_AA\\cloned_repos\\7cf99a69_GGU AI_AI_PROJECT_SPKS_AI_Fix\nc:\\Users\\shese\\Desktop\\CICD_AA\\cloned_repos\\7cf99a69_GGU AI_AI_PROJECT_SPKS_AI_Fix\nError: No pubspec.yaml file found.\nThis command should be run from the root of your Flutter project.\nConnected devices:\nWindows (desktop) \u2022 windows \u2022 windows-x64    \u2022 Microsoft Windows [Version 10.0.26200.7840]\nChrome (web)      \u2022 chrome  \u2022 web-javascript \u2022 Google Chrome 145.0.7632.109\nEdge (web)        \u2022 edge    \u2022 web-javascript \u2022 Microsoft Edge 145.0.3800.65\n[1]: Windows (windows)\n[2]: Chrome (chrome)\n[3]: Edge (edge)\nPlease choose one (or \"q\" to quit): Terminate batch job (Y/N)? \n\nc:\\Users\\shese\\Desktop\\CICD_AA\\cloned_repos\\7cf99a69_GGU AI_AI_PROJECT_SPKS_AI_Fix> cd\nc:\\Users\\shese\\Desktop\\CICD_AA\\cloned_repos\\7cf99a69_GGU AI_AI_PROJECT_SPKS_AI_Fix\n\nc:\\Users\\shese\\Desktop\\CICD_AA\\cloned_repos\\7cf99a69_GGU AI_AI_PROJECT_SPKS_AI_Fix> cd\nc:\\Users\\shese\\Desktop\\CICD_AA\\cloned_repos\\7cf99a69_GGU AI_AI_PROJECT_SPKS_AI_Fix\n\nc:\\Users\\shese\\Desktop\\CICD_AA\\cloned_repos\\7cf99a69_GGU AI_AI_PROJECT_SPKS_AI_Fix> cd\nc:\\Users\\shese\\Desktop\\CICD_AA\\cloned_repos\\7cf99a69_GGU AI_AI_PROJECT_SPKS_AI_Fix\n\nc:\\Users\\shese\\Desktop\\CICD_AA\\cloned_repos\\7cf99a69_GGU AI_AI_PROJECT_SPKS_AI_Fix> cd\nc:\\Users\\shese\\Desktop\\CICD_AA\\cloned_repos\\7cf99a69_GGU AI_AI_PROJECT_SPKS_AI_Fix\n\nc:\\Users\\shese\\Desktop\\CICD_AA\\cloned_repos\\7cf99a69_GGU AI_AI_PROJECT_SPKS_AI_Fix> cd\nc:\\Users\\shese\\Desktop\\CICD_AA\\cloned_repos\\7cf99a69_GGU AI_AI_PROJECT_SPKS_AI_Fix\n\nc:\\Users\\shese\\Desktop\\CICD_AA\\cloned_repos\\7cf99a69_GGU AI_AI_PROJECT_SPKS_AI_Fix> cd\nc:\\Users\\shese\\Desktop\\CICD_AA\\cloned_repos\\7cf99a69_GGU AI_AI_PROJECT_SPKS_AI_Fix\n\nc:\\Users\\shese\\Desktop\\CICD_AA\\cloned_repos\\7cf99a69_GGU AI_AI_PROJECT_SPKS_AI_Fix> cd\nc:\\Users\\shese\\Desktop\\CICD_AA\\cloned_repos\\7cf99a69_GGU AI_AI_PROJECT_SPKS_AI_Fix\n\nc:\\Users\\shese\\Desktop\\CICD_AA\\cloned_repos\\7cf99a69_GGU AI_AI_PROJECT_SPKS_AI_Fix> cd\nc:\\Users\\shese\\Desktop\\CICD_AA\\cloned_repos\\7cf99a69_GGU AI_AI_PROJECT_SPKS_AI_Fix\n\nc:\\Users\\shese\\Desktop\\CICD_AA\\cloned_repos\\7cf99a69_GGU AI_AI_PROJECT_SPKS_AI_Fix> cls\n\f\nc:\\Users\\shese\\Desktop\\CICD_AA\\cloned_repos\\7cf99a69_GGU AI_AI_PROJECT_SPKS_AI_Fix> cls\n\f\nc:\\Users\\shese\\Desktop\\CICD_AA\\cloned_repos\\7cf99a69_GGU AI_AI_PROJECT_SPKS_AI_Fix> cd\nc:\\Users\\shese\\Desktop\\CICD_AA\\cloned_repos\\7cf99a69_GGU AI_AI_PROJECT_SPKS_AI_Fix\n\nc:\\Users\\shese\\Desktop\\CICD_AA\\cloned_repos\\7cf99a69_GGU AI_AI_PROJECT_SPKS_AI_Fix> cd\nc:\\Users\\shese\\Desktop\\CICD_AA\\cloned_repos\\7cf99a69_GGU AI_AI_PROJECT_SPKS_AI_Fix\n\nc:\\Users\\shese\\Desktop\\CICD_AA\\cloned_repos\\7cf99a69_GGU AI_AI_PROJECT_SPKS_AI_Fix> cd\nc:\\Users\\shese\\Desktop\\CICD_AA\\cloned_repos\\7cf99a69_GGU AI_AI_PROJECT_SPKS_AI_Fix\n\nc:\\Users\\shese\\Desktop\\CICD_AA\\cloned_repos\\7cf99a69_GGU AI_AI_PROJECT_SPKS_AI_Fix> cd\nc:\\Users\\shese\\Desktop\\CICD_AA\\cloned_repos\\7cf99a69_GGU AI_AI_PROJECT_SPKS_AI_Fix\n\nc:\\Users\\shese\\Desktop\\CICD_AA\\cloned_repos\\7cf99a69_GGU AI_AI_PROJECT_SPKS_AI_Fix> cd\nc:\\Users\\shese\\Desktop\\CICD_AA\\cloned_repos\\7cf99a69_GGU AI_AI_PROJECT_SPKS_AI_Fix\n\nc:\\Users\\shese\\Desktop\\CICD_AA\\cloned_repos\\7cf99a69_GGU AI_AI_PROJECT_SPKS_AI_Fix> cd\nc:\\Users\\shese\\Desktop\\CICD_AA\\cloned_repos\\7cf99a69_GGU AI_AI_PROJECT_SPKS_AI_Fix\n\nc:\\Users\\shese\\Desktop\\CICD_AA\\cloned_repos\\7cf99a69_GGU AI_AI_PROJECT_SPKS_AI_Fix> cd\nc:\\Users\\shese\\Desktop\\CICD_AA\\cloned_repos\\7cf99a69_GGU AI_AI_PROJECT_SPKS_AI_Fix\n\nc:\\Users\\shese\\Desktop\\CICD_AA\\cloned_repos\\7cf99a69_GGU AI_AI_PROJECT_SPKS_AI_Fix> cd\nc:\\Users\\shese\\Desktop\\CICD_AA\\cloned_repos\\7cf99a69_GGU AI_AI_PROJECT_SPKS_AI_Fix\n\nc:\\Users\\shese\\Desktop\\CICD_AA\\cloned_repos\\7cf99a69_GGU AI_AI_PROJECT_SPKS_AI_Fix> cd\nc:\\Users\\shese\\Desktop\\CICD_AA\\cloned_repos\\7cf99a69_GGU AI_AI_PROJECT_SPKS_AI_Fix\n\nc:\\Users\\shese\\Desktop\\CICD_AA\\cloned_repos\\7cf99a69_GGU AI_AI_PROJECT_SPKS_AI_Fix> cd\nc:\\Users\\shese\\Desktop\\CICD_AA\\cloned_repos\\7cf99a69_GGU AI_AI_PROJECT_SPKS_AI_Fix\n\nc:\\Users\\shese\\Desktop\\CICD_AA\\cloned_repos\\7cf99a69_GGU AI_AI_PROJECT_SPKS_AI_Fix> cd\nc:\\Users\\shese\\Desktop\\CICD_AA\\cloned_repos\\7cf99a69_GGU AI_AI_PROJECT_SPKS_AI_Fix\n\nc:\\Users\\shese\\Desktop\\CICD_AA\\cloned_repos\\7cf99a69_GGU AI_AI_PROJECT_SPKS_AI_Fix> cd\nc:\\Users\\shese\\Desktop\\CICD_AA\\cloned_repos\\7cf99a69_GGU AI_AI_PROJECT_SPKS_AI_Fix\n\nc:\\Users\\shese\\Desktop\\CICD_AA\\cloned_repos\\7cf99a69_GGU AI_AI_PROJECT_SPKS_AI_Fix> cd\nc:\\Users\\shese\\Desktop\\CICD_AA\\cloned_repos\\7cf99a69_GGU AI_AI_PROJECT_SPKS_AI_Fix\n\nc:\\Users\\shese\\Desktop\\CICD_AA\\cloned_repos\\7cf99a69_GGU AI_AI_PROJECT_SPKS_AI_Fix> cd\nc:\\Users\\shese\\Desktop\\CICD_AA\\cloned_repos\\7cf99a69_GGU AI_AI_PROJECT_SPKS_AI_Fix\n\nc:\\Users\\shese\\Desktop\\CICD_AA\\cloned_repos\\7cf99a69_GGU AI_AI_PROJECT_SPKS_AI_Fix> cd\nc:\\Users\\shese\\Desktop\\CICD_AA\\cloned_repos\\7cf99a69_GGU AI_AI_PROJECT_SPKS_AI_Fix\n\nc:\\Users\\shese\\Desktop\\CICD_AA\\cloned_repos\\7cf99a69_GGU AI_AI_PROJECT_SPKS_AI_Fix> cd\nc:\\Users\\shese\\Desktop\\CICD_AA\\cloned_repos\\7cf99a69_GGU AI_AI_PROJECT_SPKS_AI_Fix\n\nc:\\Users\\shese\\Desktop\\CICD_AA\\cloned_repos\\7cf99a69_GGU AI_AI_PROJECT_SPKS_AI_Fix> cd\nc:\\Users\\shese\\Desktop\\CICD_AA\\cloned_repos\\7cf99a69_GGU AI_AI_PROJECT_SPKS_AI_Fix\n\nc:\\Users\\shese\\Desktop\\CICD_AA\\cloned_repos\\7cf99a69_GGU AI_AI_PROJECT_SPKS_AI_Fix> cd\nc:\\Users\\shese\\Desktop\\CICD_AA\\cloned_repos\\7cf99a69_GGU AI_AI_PROJECT_SPKS_AI_Fix\n\nc:\\Users\\shese\\Desktop\\CICD_AA\\cloned_repos\\7cf99a69_GGU AI_AI_PROJECT_SPKS_AI_Fix> cd\nc:\\Users\\shese\\Desktop\\CICD_AA\\cloned_repos\\7cf99a69_GGU AI_AI_PROJECT_SPKS_AI_Fix\n\nc:\\Users\\shese\\Desktop\\CICD_AA\\cloned_repos\\7cf99a69_GGU AI_AI_PROJECT_SPKS_AI_Fix> cd\n\nc:\\Users\\shese\\Desktop\\CICD_AA\\cloned_repos\\7cf99a69_GGU AI_AI_PROJECT_SPKS_AI_Fix> cd\nc:\\Users\\shese\\Desktop\\CICD_AA\\cloned_repos\\7cf99a69_GGU AI_AI_PROJECT_SPKS_AI_Fix\nc:\\Users\\shese\\Desktop\\CICD_AA\\cloned_repos\\7cf99a69_GGU AI_AI_PROJECT_SPKS_AI_Fix\n\nc:\\Users\\shese\\Desktop\\CICD_AA\\cloned_repos\\7cf99a69_GGU AI_AI_PROJECT_SPKS_AI_Fix> cd\nc:\\Users\\shese\\Desktop\\CICD_AA\\cloned_repos\\7cf99a69_GGU AI_AI_PROJECT_SPKS_AI_Fix\n\nc:\\Users\\shese\\Desktop\\CICD_AA\\cloned_repos\\7cf99a69_GGU AI_AI_PROJECT_SPKS_AI_Fix> cd\nc:\\Users\\shese\\Desktop\\CICD_AA\\cloned_repos\\7cf99a69_GGU AI_AI_PROJECT_SPKS_AI_Fix\n\nc:\\Users\\shese\\Desktop\\CICD_AA\\cloned_repos\\7cf99a69_GGU AI_AI_PROJECT_SPKS_AI_Fix> cd\nc:\\Users\\shese\\Desktop\\CICD_AA\\cloned_repos\\7cf99a69_GGU AI_AI_PROJECT_SPKS_AI_Fix\n\nc:\\Users\\shese\\Desktop\\CICD_AA\\cloned_repos\\7cf99a69_GGU AI_AI_PROJECT_SPKS_AI_Fix> cd\n\nc:\\Users\\shese\\Desktop\\CICD_AA\\cloned_repos\\7cf99a69_GGU AI_AI_PROJECT_SPKS_AI_Fix> cd\nc:\\Users\\shese\\Desktop\\CICD_AA\\cloned_repos\\7cf99a69_GGU AI_AI_PROJECT_SPKS_AI_Fix\nc:\\Users\\shese\\Desktop\\CICD_AA\\cloned_repos\\7cf99a69_GGU AI_AI_PROJECT_SPKS_AI_Fix\n\nc:\\Users\\shese\\Desktop\\CICD_AA\\cloned_repos\\7cf99a69_GGU AI_AI_PROJECT_SPKS_AI_Fix> cd\nc:\\Users\\shese\\Desktop\\CICD_AA\\cloned_repos\\7cf99a69_GGU AI_AI_PROJECT_SPKS_AI_Fix\n\nc:\\Users\\shese\\Desktop\\CICD_AA\\cloned_repos\\7cf99a69_GGU AI_AI_PROJECT_SPKS_AI_Fix> cd\nc:\\Users\\shese\\Desktop\\CICD_AA\\cloned_repos\\7cf99a69_GGU AI_AI_PROJECT_SPKS_AI_Fix\n\nc:\\Users\\shese\\Desktop\\CICD_AA\\cloned_repos\\7cf99a69_GGU AI_AI_PROJECT_SPKS_AI_Fix> cd\nc:\\Users\\shese\\Desktop\\CICD_AA\\cloned_repos\\7cf99a69_GGU AI_AI_PROJECT_SPKS_AI_Fix\n\nc:\\Users\\shese\\Desktop\\CICD_AA\\cloned_repos\\7cf99a69_GGU AI_AI_PROJECT_SPKS_AI_Fix> cd\n\nc:\\Users\\shese\\Desktop\\CICD_AA\\cloned_repos\\7cf99a69_GGU AI_AI_PROJECT_SPKS_AI_Fix> cd\nc:\\Users\\shese\\Desktop\\CICD_AA\\cloned_repos\\7cf99a69_GGU AI_AI_PROJECT_SPKS_AI_Fix\nc:\\Users\\shese\\Desktop\\CICD_AA\\cloned_repos\\7cf99a69_GGU AI_AI_PROJECT_SPKS_AI_Fix\n\nc:\\Users\\shese\\Desktop\\CICD_AA\\cloned_repos\\7cf99a69_GGU AI_AI_PROJECT_SPKS_AI_Fix> cd\nc:\\Users\\shese\\Desktop\\CICD_AA\\cloned_repos\\7cf99a69_GGU AI_AI_PROJECT_SPKS_AI_Fix\n\nc:\\Users\\shese\\Desktop\\CICD_AA\\cloned_repos\\7cf99a69_GGU AI_AI_PROJECT_SPKS_AI_Fix> cd\nc:\\Users\\shese\\Desktop\\CICD_AA\\cloned_repos\\7cf99a69_GGU AI_AI_PROJECT_SPKS_AI_Fix\n\nc:\\Users\\shese\\Desktop\\CICD_AA\\cloned_repos\\7cf99a69_GGU AI_AI_PROJECT_SPKS_AI_Fix> cd\nc:\\Users\\shese\\Desktop\\CICD_AA\\cloned_repos\\7cf99a69_GGU AI_AI_PROJECT_SPKS_AI_Fix\n\nc:\\Users\\shese\\Desktop\\CICD_AA\\cloned_repos\\7cf99a69_GGU AI_AI_PROJECT_SPKS_AI_Fix> cd\nc:\\Users\\shese\\Desktop\\CICD_AA\\cloned_repos\\7cf99a69_GGU AI_AI_PROJECT_SPKS_AI_Fix\n\nc:\\Users\\shese\\Desktop\\CICD_AA\\cloned_repos\\7cf99a69_GGU AI_AI_PROJECT_SPKS_AI_Fix> cd\nc:\\Users\\shese\\Desktop\\CICD_AA\\cloned_repos\\7cf99a69_GGU AI_AI_PROJECT_SPKS_AI_Fix\n\nc:\\Users\\shese\\Desktop\\CICD_AA\\cloned_repos\\7cf99a69_GGU AI_AI_PROJECT_SPKS_AI_Fix> cd\nc:\\Users\\shese\\Desktop\\CICD_AA\\cloned_repos\\7cf99a69_GGU AI_AI_PROJECT_SPKS_AI_Fix\n\nc:\\Users\\shese\\Desktop\\CICD_AA\\cloned_repos\\7cf99a69_GGU AI_AI_PROJECT_SPKS_AI_Fix> cd\nc:\\Users\\shese\\Desktop\\CICD_AA\\cloned_repos\\7cf99a69_GGU AI_AI_PROJECT_SPKS_AI_Fix\n"}, "154d67f7": {"team_name": "AI PROJECT", "leader_name": "SPKS", "status": "completed", "terminal_output": "\n>>> Running tests: tests/test_checker.py, tests/test_validator.py, tests/test_utils.py, src/checker.py, src/utils.py, src/validator.py\n\n--- OUTPUT FOR src/checker.py ---\n\n\n\n--- OUTPUT FOR src/utils.py ---\n\n\n\n--- OUTPUT FOR src/validator.py ---\n\n  File \"src/validator.py\", line 1\n    def validate_number(x)   # \\u274c missing colon\n                             ^^^^^^^^^^^^^^^^^\nSyntaxError: expected ':'\n\n\n--- OUTPUT FOR tests/test_utils.py ---\n.                                                                        [100%]\n1 passed in 0.02s\n\n\n\n--- OUTPUT FOR tests/test_checker.py ---\nFF                                                                       [100%]\n================================== FAILURES ===================================\nE   assert False is True\n     +  where False = is_even(4)\nc:\\Users\\shese\\Desktop\\CICD_AA\\cloned_repos\\154d67f7_GGU AI_AI_PROJECT_SPKS_AI_Fix\\tests\\test_checker.py:5: assert False is True\nE   assert True is False\n     +  where True = is_even(5)\nc:\\Users\\shese\\Desktop\\CICD_AA\\cloned_repos\\154d67f7_GGU AI_AI_PROJECT_SPKS_AI_Fix\\tests\\test_checker.py:8: assert True is False\n=========================== short test summary info ===========================\nFAILED tests/test_checker.py::test_is_even_true - assert False is True\nFAILED tests/test_checker.py::test_is_even_false - assert True is False\n2 failed in 0.02s\n\n\n\n--- OUTPUT FOR tests/test_validator.py ---\n\n=================================== ERRORS ====================================\n__________________ ERROR collecting tests/test_validator.py ___________________\n..\\\\..\\\\backend\\\\.venv\\\\Lib\\\\site-packages\\\\_pytest\\\\python.py:507: in importtestmodule\\n    mod = import_path(\\n..\\\\..\\\\backend\\\\.venv\\\\Lib\\\\site-packages\\\\_pytest\\\\pathlib.py:587: in import_path\\n    importlib.import_module(module_name)\\n..\\\\..\\\\..\\\\..\\\\AppData\\\\Local\\\\Programs\\\\Python\\\\Python314\\\\Lib\\\\importlib\\\\__init__.py:88: in import_module\\n    return _bootstrap._gcd_import(name[level:], package, level)\\n           ^^^^^^^^^^^^^^^^^^^^^^^^^^^^^^^^^^^^^^^^^^^^^^^^^^^^\\n<frozen importlib._bootstrap>:1398: in _gcd_import\\n    ???\\n<frozen importlib._bootstrap>:1371: in _find_and_load\\n    ???\\n<frozen importlib._bootstrap>:1342: in _find_and_load_unlocked\\n    ???\\n<frozen importlib._bootstrap>:938: in _load_unlocked\\n    ???\\n..\\\\..\\\\backend\\\\.venv\\\\Lib\\\\site-packages\\\\_pytest\\\\assertion\\\\rewrite.py:197: in exec_module\\n    exec(co, module.__dict__)\\ntests\\\\test_validator.py:2: in <module>\\n    from src.validator import validate_number\\nE     File \"c:\\\\Users\\\\shese\\\\Desktop\\\\CICD_AA\\\\cloned_repos\\\\154d67f7_GGU AI_AI_PROJECT_SPKS_AI_Fix\\\\src\\\\validator.py\", line 1\\nE       def validate_number(x)   # \\u274c missing colon\\nE                                ^^^^^^^^^^^^^^^^^\\nE   SyntaxError: expected ':'\n=========================== short test summary info ===========================\nERROR tests/test_validator.py\n!!!!!!!!!!!!!!!!!!! Interrupted: 1 error during collection !!!!!!!!!!!!!!!!!!!!\n1 error in 0.45s\n\n\n\n\n[WRITE] Fixed src/checker.py\n\n[WRITE] Fixed src/utils.py\n\n[WRITE] Fixed src/validator.py\n\n[WRITE] Fixed src/validator.py\n\n[WRITE] Fixed tests/test_checker.py\n\n[WRITE] Fixed tests/test_checker.py\n\n[WRITE] Fixed tests/test_validator.py\n\n>>> Running tests: tests/test_checker.py, tests/test_validator.py, tests/test_utils.py, src/checker.py, src/utils.py, src/validator.py\n\n--- OUTPUT FOR src/checker.py ---\n\n\n\n--- OUTPUT FOR src/utils.py ---\n\n\n\n--- OUTPUT FOR src/validator.py ---\n\n\n\n--- OUTPUT FOR tests/test_validator.py ---\n\nno tests ran in 0.01s\n\n\n\n--- OUTPUT FOR tests/test_utils.py ---\n.                                                                        [100%]\n1 passed in 0.01s\n\n\n\n--- OUTPUT FOR tests/test_checker.py ---\n..                                                                       [100%]\n2 passed in 0.02s\n\n\n\n\n[WRITE] Fixed tests/test_validator.py\n\n>>> Running tests: tests/test_checker.py, tests/test_validator.py, tests/test_utils.py, src/checker.py, src/utils.py, src/validator.py\n\n--- OUTPUT FOR src/checker.py ---\n\n\n\n--- OUTPUT FOR src/utils.py ---\n\n\n\n--- OUTPUT FOR src/validator.py ---\n\n\n\n--- OUTPUT FOR tests/test_checker.py ---\n..                                                                       [100%]\n2 passed in 0.01s\n\n\n\n--- OUTPUT FOR tests/test_validator.py ---\n..                                                                       [100%]\n2 passed in 0.02s\n\n\n\n--- OUTPUT FOR tests/test_utils.py ---\n.                                                                        [100%]\n1 passed in 0.01s\n\n\n\n\nc:\\Users\\shese\\Desktop\\CICD_AA\\cloned_repos\\154d67f7_GGU AI_AI_PROJECT_SPKS_AI_Fix> cd\nc:\\Users\\shese\\Desktop\\CICD_AA\\cloned_repos\\154d67f7_GGU AI_AI_PROJECT_SPKS_AI_Fix\n\nc:\\Users\\shese\\Desktop\\CICD_AA\\cloned_repos\\154d67f7_GGU AI_AI_PROJECT_SPKS_AI_Fix> cd\nc:\\Users\\shese\\Desktop\\CICD_AA\\cloned_repos\\154d67f7_GGU AI_AI_PROJECT_SPKS_AI_Fix\n\nc:\\Users\\shese\\Desktop\\CICD_AA\\cloned_repos\\154d67f7_GGU AI_AI_PROJECT_SPKS_AI_Fix> cd\nc:\\Users\\shese\\Desktop\\CICD_AA\\cloned_repos\\154d67f7_GGU AI_AI_PROJECT_SPKS_AI_Fix\n"}}}